1626897989896	geckodriver	INFO	Listening on 127.0.0.1:49489
1626897990473	mozrunner::runner	INFO	Running command: "/usr/bin/firefox" "--marionette" "-headless" "-foreground" "-no-remote" "-profile" "/tmp/rust_mozprofilepvDujN"
*** You are running in headless mode.
[GFX1-]: glxtest: Unable to open a connection to the X server
[GFX1-]: glxtest: libEGL missing
1626897998665	Marionette	INFO	Marionette enabled
console.warn: SearchSettings: "get: No settings file exists, new profile?" (new NotFoundError("Could not open the file at /tmp/rust_mozprofilepvDujN/search.json.mozlz4", (void 0)))
1626898005284	Marionette	INFO	Listening on port 36755
1626898005371	Marionette	WARN	TLS certificate errors will be ignored for this session
1626898018571	Marionette	INFO	Stopped listening on port 36755
1626898023155	geckodriver	INFO	Listening on 127.0.0.1:47235
1626898023159	mozrunner::runner	INFO	Running command: "/usr/bin/firefox" "--marionette" "-headless" "-foreground" "-no-remote" "-profile" "/tmp/rust_mozprofileVOPQgc"
*** You are running in headless mode.
[GFX1-]: glxtest: Unable to open a connection to the X server
[GFX1-]: glxtest: libEGL missing
1626898023457	Marionette	INFO	Marionette enabled
console.warn: SearchSettings: "get: No settings file exists, new profile?" (new NotFoundError("Could not open the file at /tmp/rust_mozprofileVOPQgc/search.json.mozlz4", (void 0)))
1626898024661	Marionette	INFO	Listening on port 37737
1626898024689	Marionette	WARN	TLS certificate errors will be ignored for this session
1626898034116	Marionette	INFO	Stopped listening on port 37737

###!!! [Parent][MessageChannel] Error: (msgtype=0x390079,name=PContent::Msg_DestroyBrowsingContextGroup) Closed channel: cannot send/recv

1626898038701	geckodriver	INFO	Listening on 127.0.0.1:42175
1626898038708	mozrunner::runner	INFO	Running command: "/usr/bin/firefox" "--marionette" "-headless" "-foreground" "-no-remote" "-profile" "/tmp/rust_mozprofileM6mWb4"
*** You are running in headless mode.
[GFX1-]: glxtest: Unable to open a connection to the X server
[GFX1-]: glxtest: libEGL missing
1626898039015	Marionette	INFO	Marionette enabled
console.warn: SearchSettings: "get: No settings file exists, new profile?" (new NotFoundError("Could not open the file at /tmp/rust_mozprofileM6mWb4/search.json.mozlz4", (void 0)))
1626898040479	Marionette	INFO	Listening on port 35737
1626898040535	Marionette	WARN	TLS certificate errors will be ignored for this session
1626898049806	Marionette	INFO	Stopped listening on port 35737

###!!! [Parent][MessageChannel] Error: (msgtype=0x390079,name=PContent::Msg_DestroyBrowsingContextGroup) Closed channel: cannot send/recv


###!!! [Child][RunMessage] Error: Channel closing: too late to send/recv, messages will be lost


###!!! [Child][RunMessage] Error: Channel closing: too late to send/recv, messages will be lost


###!!! [Parent][RunMessage] Error: Channel closing: too late to send/recv, messages will be lost


###!!! [Parent][RunMessage] Error: Channel closing: too late to send/recv, messages will be lost


###!!! [Parent][RunMessage] Error: Channel closing: too late to send/recv, messages will be lost

1626898054404	geckodriver	INFO	Listening on 127.0.0.1:33591
1626898055410	mozrunner::runner	INFO	Running command: "/usr/bin/firefox" "--marionette" "-headless" "-foreground" "-no-remote" "-profile" "/tmp/rust_mozprofileyxQCm0"
*** You are running in headless mode.
[GFX1-]: glxtest: Unable to open a connection to the X server
[GFX1-]: glxtest: libEGL missing
1626898055708	Marionette	INFO	Marionette enabled
console.warn: SearchSettings: "get: No settings file exists, new profile?" (new NotFoundError("Could not open the file at /tmp/rust_mozprofileyxQCm0/search.json.mozlz4", (void 0)))
1626898057161	Marionette	INFO	Listening on port 36135
1626898057238	Marionette	WARN	TLS certificate errors will be ignored for this session
1626898066437	Marionette	INFO	Stopped listening on port 36135

###!!! [Parent][RunMessage] Error: Channel closing: too late to send/recv, messages will be lost

1626898071055	geckodriver	INFO	Listening on 127.0.0.1:46949
1626898071059	mozrunner::runner	INFO	Running command: "/usr/bin/firefox" "--marionette" "-headless" "-foreground" "-no-remote" "-profile" "/tmp/rust_mozprofileW55Gj4"
*** You are running in headless mode.
[GFX1-]: glxtest: Unable to open a connection to the X server
[GFX1-]: glxtest: libEGL missing
1626898071365	Marionette	INFO	Marionette enabled
console.warn: SearchSettings: "get: No settings file exists, new profile?" (new NotFoundError("Could not open the file at /tmp/rust_mozprofileW55Gj4/search.json.mozlz4", (void 0)))
1626898072838	Marionette	INFO	Listening on port 39967
1626898072889	Marionette	WARN	TLS certificate errors will be ignored for this session
1626898082164	Marionette	INFO	Stopped listening on port 39967

###!!! [Parent][MessageChannel] Error: (msgtype=0x390079,name=PContent::Msg_DestroyBrowsingContextGroup) Closed channel: cannot send/recv


###!!! [Child][RunMessage] Error: Channel closing: too late to send/recv, messages will be lost


###!!! [Child][RunMessage] Error: Channel closing: too late to send/recv, messages will be lost

1626898086772	geckodriver	INFO	Listening on 127.0.0.1:60179
1626898086777	mozrunner::runner	INFO	Running command: "/usr/bin/firefox" "--marionette" "-headless" "-foreground" "-no-remote" "-profile" "/tmp/rust_mozprofileDDebPr"
*** You are running in headless mode.
[GFX1-]: glxtest: Unable to open a connection to the X server
[GFX1-]: glxtest: libEGL missing
1626898087083	Marionette	INFO	Marionette enabled
console.warn: SearchSettings: "get: No settings file exists, new profile?" (new NotFoundError("Could not open the file at /tmp/rust_mozprofileDDebPr/search.json.mozlz4", (void 0)))
1626898088289	Marionette	INFO	Listening on port 33225
1626898088398	Marionette	WARN	TLS certificate errors will be ignored for this session
1626898097948	Marionette	INFO	Stopped listening on port 33225
1626898102464	geckodriver	INFO	Listening on 127.0.0.1:55445
1626898102470	mozrunner::runner	INFO	Running command: "/usr/bin/firefox" "--marionette" "-headless" "-foreground" "-no-remote" "-profile" "/tmp/rust_mozprofilekwQ12o"
*** You are running in headless mode.
[GFX1-]: glxtest: Unable to open a connection to the X server
[GFX1-]: glxtest: libEGL missing
1626898102777	Marionette	INFO	Marionette enabled
console.warn: SearchSettings: "get: No settings file exists, new profile?" (new NotFoundError("Could not open the file at /tmp/rust_mozprofilekwQ12o/search.json.mozlz4", (void 0)))
1626898103939	Marionette	INFO	Listening on port 37023
1626898103994	Marionette	WARN	TLS certificate errors will be ignored for this session
1626898113477	Marionette	INFO	Stopped listening on port 37023

###!!! [Parent][MessageChannel] Error: (msgtype=0x390079,name=PContent::Msg_DestroyBrowsingContextGroup) Closed channel: cannot send/recv


###!!! [Child][RunMessage] Error: Channel closing: too late to send/recv, messages will be lost


###!!! [Child][RunMessage] Error: Channel closing: too late to send/recv, messages will be lost


###!!! [Child][MessageChannel] Error: (msgtype=0x23002E,name=PBrowser::Msg___delete__) Channel closing: too late to send/recv, messages will be lost

1626898118078	geckodriver	INFO	Listening on 127.0.0.1:48461
1626898118086	mozrunner::runner	INFO	Running command: "/usr/bin/firefox" "--marionette" "-headless" "-foreground" "-no-remote" "-profile" "/tmp/rust_mozprofile2mwC58"
*** You are running in headless mode.
[GFX1-]: glxtest: Unable to open a connection to the X server
[GFX1-]: glxtest: libEGL missing
1626898118399	Marionette	INFO	Marionette enabled
console.warn: SearchSettings: "get: No settings file exists, new profile?" (new NotFoundError("Could not open the file at /tmp/rust_mozprofile2mwC58/search.json.mozlz4", (void 0)))
1626898119606	Marionette	INFO	Listening on port 40325
1626898119725	Marionette	WARN	TLS certificate errors will be ignored for this session
1626898129324	Marionette	INFO	Stopped listening on port 40325

###!!! [Parent][MessageChannel] Error: (msgtype=0x390079,name=PContent::Msg_DestroyBrowsingContextGroup) Closed channel: cannot send/recv


###!!! [Parent][RunMessage] Error: Channel closing: too late to send/recv, messages will be lost


###!!! [Parent][RunMessage] Error: Channel closing: too late to send/recv, messages will be lost

1626898133917	geckodriver	INFO	Listening on 127.0.0.1:42797
1626898133921	mozrunner::runner	INFO	Running command: "/usr/bin/firefox" "--marionette" "-headless" "-foreground" "-no-remote" "-profile" "/tmp/rust_mozprofilecqE009"
*** You are running in headless mode.
[GFX1-]: glxtest: Unable to open a connection to the X server
[GFX1-]: glxtest: libEGL missing
1626898134226	Marionette	INFO	Marionette enabled
console.warn: SearchSettings: "get: No settings file exists, new profile?" (new NotFoundError("Could not open the file at /tmp/rust_mozprofilecqE009/search.json.mozlz4", (void 0)))
1626898135653	Marionette	INFO	Listening on port 40827
1626898135745	Marionette	WARN	TLS certificate errors will be ignored for this session
1626898145216	Marionette	INFO	Stopped listening on port 40827
1626898149741	geckodriver	INFO	Listening on 127.0.0.1:42245
1626898150747	mozrunner::runner	INFO	Running command: "/usr/bin/firefox" "--marionette" "-headless" "-foreground" "-no-remote" "-profile" "/tmp/rust_mozprofile3xGKL7"
*** You are running in headless mode.
[GFX1-]: glxtest: Unable to open a connection to the X server
[GFX1-]: glxtest: libEGL missing
1626898151054	Marionette	INFO	Marionette enabled
console.warn: SearchSettings: "get: No settings file exists, new profile?" (new NotFoundError("Could not open the file at /tmp/rust_mozprofile3xGKL7/search.json.mozlz4", (void 0)))
1626898152495	Marionette	INFO	Listening on port 43627
1626898152577	Marionette	WARN	TLS certificate errors will be ignored for this session
1626898161882	Marionette	INFO	Stopped listening on port 43627
1626898166494	geckodriver	INFO	Listening on 127.0.0.1:58649
1626898166498	mozrunner::runner	INFO	Running command: "/usr/bin/firefox" "--marionette" "-headless" "-foreground" "-no-remote" "-profile" "/tmp/rust_mozprofileKlob5N"
*** You are running in headless mode.
[GFX1-]: glxtest: Unable to open a connection to the X server
[GFX1-]: glxtest: libEGL missing
1626898166801	Marionette	INFO	Marionette enabled
console.warn: SearchSettings: "get: No settings file exists, new profile?" (new NotFoundError("Could not open the file at /tmp/rust_mozprofileKlob5N/search.json.mozlz4", (void 0)))
1626898168193	Marionette	INFO	Listening on port 41651
1626898168233	Marionette	WARN	TLS certificate errors will be ignored for this session
1626898177586	Marionette	INFO	Stopped listening on port 41651
1626898182100	geckodriver	INFO	Listening on 127.0.0.1:55193
1626898182104	mozrunner::runner	INFO	Running command: "/usr/bin/firefox" "--marionette" "-headless" "-foreground" "-no-remote" "-profile" "/tmp/rust_mozprofileN4seJu"
*** You are running in headless mode.
[GFX1-]: glxtest: Unable to open a connection to the X server
[GFX1-]: glxtest: libEGL missing
1626898182424	Marionette	INFO	Marionette enabled
console.warn: SearchSettings: "get: No settings file exists, new profile?" (new NotFoundError("Could not open the file at /tmp/rust_mozprofileN4seJu/search.json.mozlz4", (void 0)))
1626898183879	Marionette	INFO	Listening on port 42855
1626898183938	Marionette	WARN	TLS certificate errors will be ignored for this session
1626898193282	Marionette	INFO	Stopped listening on port 42855
1626898197897	geckodriver	INFO	Listening on 127.0.0.1:57249
1626898197901	mozrunner::runner	INFO	Running command: "/usr/bin/firefox" "--marionette" "-headless" "-foreground" "-no-remote" "-profile" "/tmp/rust_mozprofileHW9NIH"
*** You are running in headless mode.
[GFX1-]: glxtest: Unable to open a connection to the X server
[GFX1-]: glxtest: libEGL missing
1626898198209	Marionette	INFO	Marionette enabled
console.warn: SearchSettings: "get: No settings file exists, new profile?" (new NotFoundError("Could not open the file at /tmp/rust_mozprofileHW9NIH/search.json.mozlz4", (void 0)))
1626898199410	Marionette	INFO	Listening on port 44069
1626898199524	Marionette	WARN	TLS certificate errors will be ignored for this session
1626898208979	Marionette	INFO	Stopped listening on port 44069
1626898213499	geckodriver	INFO	Listening on 127.0.0.1:52369
1626898213503	mozrunner::runner	INFO	Running command: "/usr/bin/firefox" "--marionette" "-headless" "-foreground" "-no-remote" "-profile" "/tmp/rust_mozprofile0LUpEr"
*** You are running in headless mode.
[GFX1-]: glxtest: Unable to open a connection to the X server
[GFX1-]: glxtest: libEGL missing
1626898213821	Marionette	INFO	Marionette enabled
console.warn: SearchSettings: "get: No settings file exists, new profile?" (new NotFoundError("Could not open the file at /tmp/rust_mozprofile0LUpEr/search.json.mozlz4", (void 0)))
1626898215082	Marionette	INFO	Listening on port 37663
1626898215127	Marionette	WARN	TLS certificate errors will be ignored for this session
1626898224542	Marionette	INFO	Stopped listening on port 37663

###!!! [Parent][RunMessage] Error: Channel closing: too late to send/recv, messages will be lost

1626898229062	geckodriver	INFO	Listening on 127.0.0.1:48097
1626898229068	mozrunner::runner	INFO	Running command: "/usr/bin/firefox" "--marionette" "-headless" "-foreground" "-no-remote" "-profile" "/tmp/rust_mozprofilea90iLX"
*** You are running in headless mode.
[GFX1-]: glxtest: Unable to open a connection to the X server
[GFX1-]: glxtest: libEGL missing
1626898229376	Marionette	INFO	Marionette enabled
console.warn: SearchSettings: "get: No settings file exists, new profile?" (new NotFoundError("Could not open the file at /tmp/rust_mozprofilea90iLX/search.json.mozlz4", (void 0)))
1626898230853	Marionette	INFO	Listening on port 42879
1626898230901	Marionette	WARN	TLS certificate errors will be ignored for this session
1626898240455	Marionette	INFO	Stopped listening on port 42879
1626898245064	geckodriver	INFO	Listening on 127.0.0.1:47293
1626898245068	mozrunner::runner	INFO	Running command: "/usr/bin/firefox" "--marionette" "-headless" "-foreground" "-no-remote" "-profile" "/tmp/rust_mozprofilenASSTp"
*** You are running in headless mode.
[GFX1-]: glxtest: Unable to open a connection to the X server
[GFX1-]: glxtest: libEGL missing
1626898245378	Marionette	INFO	Marionette enabled
console.warn: SearchSettings: "get: No settings file exists, new profile?" (new NotFoundError("Could not open the file at /tmp/rust_mozprofilenASSTp/search.json.mozlz4", (void 0)))
1626898246817	Marionette	INFO	Listening on port 42739
1626898246896	Marionette	WARN	TLS certificate errors will be ignored for this session
1626898256315	Marionette	INFO	Stopped listening on port 42739

###!!! [Parent][MessageChannel] Error: (msgtype=0x390079,name=PContent::Msg_DestroyBrowsingContextGroup) Closed channel: cannot send/recv

1626898260842	geckodriver	INFO	Listening on 127.0.0.1:52949
1626898260848	mozrunner::runner	INFO	Running command: "/usr/bin/firefox" "--marionette" "-headless" "-foreground" "-no-remote" "-profile" "/tmp/rust_mozprofileqkesdv"
*** You are running in headless mode.
[GFX1-]: glxtest: Unable to open a connection to the X server
[GFX1-]: glxtest: libEGL missing
1626898261174	Marionette	INFO	Marionette enabled
console.warn: SearchSettings: "get: No settings file exists, new profile?" (new NotFoundError("Could not open the file at /tmp/rust_mozprofileqkesdv/search.json.mozlz4", (void 0)))
1626898262702	Marionette	INFO	Listening on port 34537
1626898262783	Marionette	WARN	TLS certificate errors will be ignored for this session
1626898273452	Marionette	INFO	Stopped listening on port 34537

###!!! [Parent][RunMessage] Error: Channel closing: too late to send/recv, messages will be lost

1626898278065	geckodriver	INFO	Listening on 127.0.0.1:50771
1626898278070	mozrunner::runner	INFO	Running command: "/usr/bin/firefox" "--marionette" "-headless" "-foreground" "-no-remote" "-profile" "/tmp/rust_mozprofile7xs6Yo"
*** You are running in headless mode.
[GFX1-]: glxtest: Unable to open a connection to the X server
[GFX1-]: glxtest: libEGL missing
1626898278375	Marionette	INFO	Marionette enabled
console.warn: SearchSettings: "get: No settings file exists, new profile?" (new NotFoundError("Could not open the file at /tmp/rust_mozprofile7xs6Yo/search.json.mozlz4", (void 0)))
1626898279772	Marionette	INFO	Listening on port 43899
1626898279809	Marionette	WARN	TLS certificate errors will be ignored for this session
1626898289437	Marionette	INFO	Stopped listening on port 43899

###!!! [Parent][MessageChannel] Error: (msgtype=0x390079,name=PContent::Msg_DestroyBrowsingContextGroup) Closed channel: cannot send/recv


###!!! [Child][RunMessage] Error: Channel closing: too late to send/recv, messages will be lost


###!!! [Child][RunMessage] Error: Channel closing: too late to send/recv, messages will be lost

1626898294031	geckodriver	INFO	Listening on 127.0.0.1:55441
1626898294036	mozrunner::runner	INFO	Running command: "/usr/bin/firefox" "--marionette" "-headless" "-foreground" "-no-remote" "-profile" "/tmp/rust_mozprofileikmFVx"
*** You are running in headless mode.
[GFX1-]: glxtest: Unable to open a connection to the X server
[GFX1-]: glxtest: libEGL missing
1626898294347	Marionette	INFO	Marionette enabled
console.warn: SearchSettings: "get: No settings file exists, new profile?" (new NotFoundError("Could not open the file at /tmp/rust_mozprofileikmFVx/search.json.mozlz4", (void 0)))
1626898295848	Marionette	INFO	Listening on port 43563
1626898295960	Marionette	WARN	TLS certificate errors will be ignored for this session
1626898305304	Marionette	INFO	Stopped listening on port 43563

###!!! [Parent][MessageChannel] Error: (msgtype=0x390079,name=PContent::Msg_DestroyBrowsingContextGroup) Closed channel: cannot send/recv


###!!! [Child][RunMessage] Error: Channel closing: too late to send/recv, messages will be lost


###!!! [Child][RunMessage] Error: Channel closing: too late to send/recv, messages will be lost

1626898309837	geckodriver	INFO	Listening on 127.0.0.1:39287
1626898309841	mozrunner::runner	INFO	Running command: "/usr/bin/firefox" "--marionette" "-headless" "-foreground" "-no-remote" "-profile" "/tmp/rust_mozprofile1ulg07"
*** You are running in headless mode.
[GFX1-]: glxtest: Unable to open a connection to the X server
[GFX1-]: glxtest: libEGL missing
1626898310150	Marionette	INFO	Marionette enabled
console.warn: SearchSettings: "get: No settings file exists, new profile?" (new NotFoundError("Could not open the file at /tmp/rust_mozprofile1ulg07/search.json.mozlz4", (void 0)))
1626898311600	Marionette	INFO	Listening on port 46293
1626898311664	Marionette	WARN	TLS certificate errors will be ignored for this session
1626898321281	Marionette	INFO	Stopped listening on port 46293

###!!! [Parent][MessageChannel] Error: (msgtype=0x390079,name=PContent::Msg_DestroyBrowsingContextGroup) Closed channel: cannot send/recv


###!!! [Child][RunMessage] Error: Channel closing: too late to send/recv, messages will be lost


###!!! [Child][RunMessage] Error: Channel closing: too late to send/recv, messages will be lost

1626898325833	geckodriver	INFO	Listening on 127.0.0.1:51791
1626898326839	mozrunner::runner	INFO	Running command: "/usr/bin/firefox" "--marionette" "-headless" "-foreground" "-no-remote" "-profile" "/tmp/rust_mozprofileA8mhq2"
*** You are running in headless mode.
[GFX1-]: glxtest: Unable to open a connection to the X server
[GFX1-]: glxtest: libEGL missing
1626898327161	Marionette	INFO	Marionette enabled
console.warn: SearchSettings: "get: No settings file exists, new profile?" (new NotFoundError("Could not open the file at /tmp/rust_mozprofileA8mhq2/search.json.mozlz4", (void 0)))
1626898328369	Marionette	INFO	Listening on port 46631
1626898328461	Marionette	WARN	TLS certificate errors will be ignored for this session
1626898338051	Marionette	INFO	Stopped listening on port 46631

###!!! [Parent][MessageChannel] Error: (msgtype=0x390079,name=PContent::Msg_DestroyBrowsingContextGroup) Closed channel: cannot send/recv


###!!! [Child][RunMessage] Error: Channel closing: too late to send/recv, messages will be lost

1626898342572	geckodriver	INFO	Listening on 127.0.0.1:45401
1626898342577	mozrunner::runner	INFO	Running command: "/usr/bin/firefox" "--marionette" "-headless" "-foreground" "-no-remote" "-profile" "/tmp/rust_mozprofileQNsw3k"
*** You are running in headless mode.
[GFX1-]: glxtest: Unable to open a connection to the X server
[GFX1-]: glxtest: libEGL missing
1626898342878	Marionette	INFO	Marionette enabled
console.warn: SearchSettings: "get: No settings file exists, new profile?" (new NotFoundError("Could not open the file at /tmp/rust_mozprofileQNsw3k/search.json.mozlz4", (void 0)))
1626898344300	Marionette	INFO	Listening on port 34313
1626898344405	Marionette	WARN	TLS certificate errors will be ignored for this session
1626898353917	Marionette	INFO	Stopped listening on port 34313
1626898358571	geckodriver	INFO	Listening on 127.0.0.1:36053
1626898358575	mozrunner::runner	INFO	Running command: "/usr/bin/firefox" "--marionette" "-headless" "-foreground" "-no-remote" "-profile" "/tmp/rust_mozprofileakEFzA"
*** You are running in headless mode.
[GFX1-]: glxtest: Unable to open a connection to the X server
[GFX1-]: glxtest: libEGL missing
1626898358883	Marionette	INFO	Marionette enabled
console.warn: SearchSettings: "get: No settings file exists, new profile?" (new NotFoundError("Could not open the file at /tmp/rust_mozprofileakEFzA/search.json.mozlz4", (void 0)))
1626898360304	Marionette	INFO	Listening on port 34087
1626898360399	Marionette	WARN	TLS certificate errors will be ignored for this session
1626898369884	Marionette	INFO	Stopped listening on port 34087

###!!! [Parent][MessageChannel] Error: (msgtype=0x390079,name=PContent::Msg_DestroyBrowsingContextGroup) Closed channel: cannot send/recv

1626898374526	geckodriver	INFO	Listening on 127.0.0.1:50539
1626898374530	mozrunner::runner	INFO	Running command: "/usr/bin/firefox" "--marionette" "-headless" "-foreground" "-no-remote" "-profile" "/tmp/rust_mozprofile35k1a4"
*** You are running in headless mode.
[GFX1-]: glxtest: Unable to open a connection to the X server
[GFX1-]: glxtest: libEGL missing
1626898374836	Marionette	INFO	Marionette enabled
console.warn: SearchSettings: "get: No settings file exists, new profile?" (new NotFoundError("Could not open the file at /tmp/rust_mozprofile35k1a4/search.json.mozlz4", (void 0)))
1626898376287	Marionette	INFO	Listening on port 36967
1626898376362	Marionette	WARN	TLS certificate errors will be ignored for this session
1626898385957	Marionette	INFO	Stopped listening on port 36967

###!!! [Parent][MessageChannel] Error: (msgtype=0x390079,name=PContent::Msg_DestroyBrowsingContextGroup) Closed channel: cannot send/recv


###!!! [Child][RunMessage] Error: Channel closing: too late to send/recv, messages will be lost


###!!! [Child][RunMessage] Error: Channel closing: too late to send/recv, messages will be lost

1626899382794	geckodriver	INFO	Listening on 127.0.0.1:57871
1626899383561	mozrunner::runner	INFO	Running command: "/usr/bin/firefox" "--marionette" "-headless" "-foreground" "-no-remote" "-profile" "/tmp/rust_mozprofilef3c3R5"
*** You are running in headless mode.
[GFX1-]: glxtest: Unable to open a connection to the X server
[GFX1-]: glxtest: libEGL missing
1626899392381	Marionette	INFO	Marionette enabled
console.warn: SearchSettings: "get: No settings file exists, new profile?" (new NotFoundError("Could not open the file at /tmp/rust_mozprofilef3c3R5/search.json.mozlz4", (void 0)))
1626899397339	Marionette	INFO	Listening on port 43473
1626899397804	Marionette	WARN	TLS certificate errors will be ignored for this session
1626899408638	Marionette	INFO	Stopped listening on port 43473
1626899413148	geckodriver	INFO	Listening on 127.0.0.1:52073
1626899413152	mozrunner::runner	INFO	Running command: "/usr/bin/firefox" "--marionette" "-headless" "-foreground" "-no-remote" "-profile" "/tmp/rust_mozprofile1LplSF"
*** You are running in headless mode.
[GFX1-]: glxtest: Unable to open a connection to the X server
[GFX1-]: glxtest: libEGL missing
1626899413445	Marionette	INFO	Marionette enabled
console.warn: SearchSettings: "get: No settings file exists, new profile?" (new NotFoundError("Could not open the file at /tmp/rust_mozprofile1LplSF/search.json.mozlz4", (void 0)))
1626899414845	Marionette	INFO	Listening on port 35035
1626899414888	Marionette	WARN	TLS certificate errors will be ignored for this session
1626899424397	Marionette	INFO	Stopped listening on port 35035

###!!! [Parent][MessageChannel] Error: (msgtype=0x390079,name=PContent::Msg_DestroyBrowsingContextGroup) Closed channel: cannot send/recv


###!!! [Child][RunMessage] Error: Channel closing: too late to send/recv, messages will be lost


###!!! [Child][RunMessage] Error: Channel closing: too late to send/recv, messages will be lost


###!!! [Child][MessageChannel] Error: (msgtype=0x23002E,name=PBrowser::Msg___delete__) Channel closing: too late to send/recv, messages will be lost

1626899429005	geckodriver	INFO	Listening on 127.0.0.1:48397
1626899429011	mozrunner::runner	INFO	Running command: "/usr/bin/firefox" "--marionette" "-headless" "-foreground" "-no-remote" "-profile" "/tmp/rust_mozprofileleK9Qf"
*** You are running in headless mode.
[GFX1-]: glxtest: Unable to open a connection to the X server
[GFX1-]: glxtest: libEGL missing
1626899429304	Marionette	INFO	Marionette enabled
console.warn: SearchSettings: "get: No settings file exists, new profile?" (new NotFoundError("Could not open the file at /tmp/rust_mozprofileleK9Qf/search.json.mozlz4", (void 0)))
1626899430719	Marionette	INFO	Listening on port 33437
1626899430837	Marionette	WARN	TLS certificate errors will be ignored for this session
1626899440160	Marionette	INFO	Stopped listening on port 33437
1626899444673	geckodriver	INFO	Listening on 127.0.0.1:41949
1626899444678	mozrunner::runner	INFO	Running command: "/usr/bin/firefox" "--marionette" "-headless" "-foreground" "-no-remote" "-profile" "/tmp/rust_mozprofile8fxWwe"
*** You are running in headless mode.
[GFX1-]: glxtest: Unable to open a connection to the X server
[GFX1-]: glxtest: libEGL missing
1626899444975	Marionette	INFO	Marionette enabled
console.warn: SearchSettings: "get: No settings file exists, new profile?" (new NotFoundError("Could not open the file at /tmp/rust_mozprofile8fxWwe/search.json.mozlz4", (void 0)))
1626899446157	Marionette	INFO	Listening on port 35591
1626899446205	Marionette	WARN	TLS certificate errors will be ignored for this session
1626899455342	Marionette	INFO	Stopped listening on port 35591

###!!! [Parent][MessageChannel] Error: (msgtype=0x390079,name=PContent::Msg_DestroyBrowsingContextGroup) Closed channel: cannot send/recv


###!!! [Child][RunMessage] Error: Channel closing: too late to send/recv, messages will be lost


###!!! [Child][RunMessage] Error: Channel closing: too late to send/recv, messages will be lost

1626899459878	geckodriver	INFO	Listening on 127.0.0.1:56903
1626899459881	mozrunner::runner	INFO	Running command: "/usr/bin/firefox" "--marionette" "-headless" "-foreground" "-no-remote" "-profile" "/tmp/rust_mozprofilelFRCLv"
*** You are running in headless mode.
[GFX1-]: glxtest: Unable to open a connection to the X server
[GFX1-]: glxtest: libEGL missing
1626899460149	Marionette	INFO	Marionette enabled
console.warn: SearchSettings: "get: No settings file exists, new profile?" (new NotFoundError("Could not open the file at /tmp/rust_mozprofilelFRCLv/search.json.mozlz4", (void 0)))
1626899461259	Marionette	INFO	Listening on port 45115
1626899461302	Marionette	WARN	TLS certificate errors will be ignored for this session
1626899470268	Marionette	INFO	Stopped listening on port 45115
1626899474773	geckodriver	INFO	Listening on 127.0.0.1:59467
1626899474778	mozrunner::runner	INFO	Running command: "/usr/bin/firefox" "--marionette" "-headless" "-foreground" "-no-remote" "-profile" "/tmp/rust_mozprofile0OntWC"
*** You are running in headless mode.
[GFX1-]: glxtest: Unable to open a connection to the X server
[GFX1-]: glxtest: libEGL missing
1626899475045	Marionette	INFO	Marionette enabled
console.warn: SearchSettings: "get: No settings file exists, new profile?" (new NotFoundError("Could not open the file at /tmp/rust_mozprofile0OntWC/search.json.mozlz4", (void 0)))
1626899476238	Marionette	INFO	Listening on port 39753
1626899476299	Marionette	WARN	TLS certificate errors will be ignored for this session
1626899485284	Marionette	INFO	Stopped listening on port 39753

###!!! [Parent][MessageChannel] Error: (msgtype=0x390079,name=PContent::Msg_DestroyBrowsingContextGroup) Closed channel: cannot send/recv

1626899489799	geckodriver	INFO	Listening on 127.0.0.1:45131
1626899489803	mozrunner::runner	INFO	Running command: "/usr/bin/firefox" "--marionette" "-headless" "-foreground" "-no-remote" "-profile" "/tmp/rust_mozprofileX5HAuW"
*** You are running in headless mode.
[GFX1-]: glxtest: Unable to open a connection to the X server
[GFX1-]: glxtest: libEGL missing
1626899490063	Marionette	INFO	Marionette enabled
console.warn: SearchSettings: "get: No settings file exists, new profile?" (new NotFoundError("Could not open the file at /tmp/rust_mozprofileX5HAuW/search.json.mozlz4", (void 0)))
1626899491193	Marionette	INFO	Listening on port 34301
1626899491223	Marionette	WARN	TLS certificate errors will be ignored for this session
1626899500356	Marionette	INFO	Stopped listening on port 34301

###!!! [Parent][MessageChannel] Error: (msgtype=0x390079,name=PContent::Msg_DestroyBrowsingContextGroup) Closed channel: cannot send/recv


###!!! [Child][MessageChannel] Error: (msgtype=0x23002E,name=PBrowser::Msg___delete__) Channel closing: too late to send/recv, messages will be lost


###!!! [Child][RunMessage] Error: Channel closing: too late to send/recv, messages will be lost


###!!! [Child][RunMessage] Error: Channel closing: too late to send/recv, messages will be lost


###!!! [Parent][RunMessage] Error: Channel closing: too late to send/recv, messages will be lost

1626899504943	geckodriver	INFO	Listening on 127.0.0.1:40329
1626899504949	mozrunner::runner	INFO	Running command: "/usr/bin/firefox" "--marionette" "-headless" "-foreground" "-no-remote" "-profile" "/tmp/rust_mozprofileg2VFxf"
*** You are running in headless mode.
[GFX1-]: glxtest: Unable to open a connection to the X server
[GFX1-]: glxtest: libEGL missing
1626899505247	Marionette	INFO	Marionette enabled
console.warn: SearchSettings: "get: No settings file exists, new profile?" (new NotFoundError("Could not open the file at /tmp/rust_mozprofileg2VFxf/search.json.mozlz4", (void 0)))
1626899506401	Marionette	INFO	Listening on port 33465
1626899506471	Marionette	WARN	TLS certificate errors will be ignored for this session
1626899515883	Marionette	INFO	Stopped listening on port 33465

###!!! [Parent][RunMessage] Error: Channel closing: too late to send/recv, messages will be lost


###!!! [Parent][RunMessage] Error: Channel closing: too late to send/recv, messages will be lost

1626899520394	geckodriver	INFO	Listening on 127.0.0.1:41189
1626899521402	mozrunner::runner	INFO	Running command: "/usr/bin/firefox" "--marionette" "-headless" "-foreground" "-no-remote" "-profile" "/tmp/rust_mozprofilekOSHAu"
*** You are running in headless mode.
[GFX1-]: glxtest: Unable to open a connection to the X server
[GFX1-]: glxtest: libEGL missing
1626899521677	Marionette	INFO	Marionette enabled
console.warn: SearchSettings: "get: No settings file exists, new profile?" (new NotFoundError("Could not open the file at /tmp/rust_mozprofilekOSHAu/search.json.mozlz4", (void 0)))
1626899523088	Marionette	INFO	Listening on port 44841
1626899523127	Marionette	WARN	TLS certificate errors will be ignored for this session
1626899532354	Marionette	INFO	Stopped listening on port 44841

###!!! [Parent][MessageChannel] Error: (msgtype=0x390079,name=PContent::Msg_DestroyBrowsingContextGroup) Closed channel: cannot send/recv


###!!! [Child][MessageChannel] Error: (msgtype=0x23002E,name=PBrowser::Msg___delete__) Channel closing: too late to send/recv, messages will be lost


###!!! [Child][RunMessage] Error: Channel closing: too late to send/recv, messages will be lost


###!!! [Child][RunMessage] Error: Channel closing: too late to send/recv, messages will be lost

1626899536951	geckodriver	INFO	Listening on 127.0.0.1:44683
1626899536956	mozrunner::runner	INFO	Running command: "/usr/bin/firefox" "--marionette" "-headless" "-foreground" "-no-remote" "-profile" "/tmp/rust_mozprofilei9QTnj"
*** You are running in headless mode.
[GFX1-]: glxtest: Unable to open a connection to the X server
[GFX1-]: glxtest: libEGL missing
1626899537247	Marionette	INFO	Marionette enabled
console.warn: SearchSettings: "get: No settings file exists, new profile?" (new NotFoundError("Could not open the file at /tmp/rust_mozprofilei9QTnj/search.json.mozlz4", (void 0)))
1626899538664	Marionette	INFO	Listening on port 38455
1626899538779	Marionette	WARN	TLS certificate errors will be ignored for this session
1626899547919	Marionette	INFO	Stopped listening on port 38455

###!!! [Parent][MessageChannel] Error: (msgtype=0x390079,name=PContent::Msg_DestroyBrowsingContextGroup) Closed channel: cannot send/recv


###!!! [Child][RunMessage] Error: Channel closing: too late to send/recv, messages will be lost


###!!! [Child][RunMessage] Error: Channel closing: too late to send/recv, messages will be lost


###!!! [Child][MessageChannel] Error: (msgtype=0x23002E,name=PBrowser::Msg___delete__) Channel closing: too late to send/recv, messages will be lost

1626899552499	geckodriver	INFO	Listening on 127.0.0.1:48127
1626899552504	mozrunner::runner	INFO	Running command: "/usr/bin/firefox" "--marionette" "-headless" "-foreground" "-no-remote" "-profile" "/tmp/rust_mozprofileq1Logx"
*** You are running in headless mode.
[GFX1-]: glxtest: Unable to open a connection to the X server
[GFX1-]: glxtest: libEGL missing
1626899552783	Marionette	INFO	Marionette enabled
console.warn: SearchSettings: "get: No settings file exists, new profile?" (new NotFoundError("Could not open the file at /tmp/rust_mozprofileq1Logx/search.json.mozlz4", (void 0)))
1626899554194	Marionette	INFO	Listening on port 43887
1626899554237	Marionette	WARN	TLS certificate errors will be ignored for this session
1626899563363	Marionette	INFO	Stopped listening on port 43887
1626899567877	geckodriver	INFO	Listening on 127.0.0.1:41169
1626899568883	mozrunner::runner	INFO	Running command: "/usr/bin/firefox" "--marionette" "-headless" "-foreground" "-no-remote" "-profile" "/tmp/rust_mozprofileTrcspN"
*** You are running in headless mode.
[GFX1-]: glxtest: Unable to open a connection to the X server
[GFX1-]: glxtest: libEGL missing
1626899569163	Marionette	INFO	Marionette enabled
console.warn: SearchSettings: "get: No settings file exists, new profile?" (new NotFoundError("Could not open the file at /tmp/rust_mozprofileTrcspN/search.json.mozlz4", (void 0)))
1626899570300	Marionette	INFO	Listening on port 36463
1626899570407	Marionette	WARN	TLS certificate errors will be ignored for this session
1626899579414	Marionette	INFO	Stopped listening on port 36463

###!!! [Parent][MessageChannel] Error: (msgtype=0x390079,name=PContent::Msg_DestroyBrowsingContextGroup) Closed channel: cannot send/recv

1626899583925	geckodriver	INFO	Listening on 127.0.0.1:48707
1626899583931	mozrunner::runner	INFO	Running command: "/usr/bin/firefox" "--marionette" "-headless" "-foreground" "-no-remote" "-profile" "/tmp/rust_mozprofileapKFxB"
*** You are running in headless mode.
[GFX1-]: glxtest: Unable to open a connection to the X server
[GFX1-]: glxtest: libEGL missing
1626899584189	Marionette	INFO	Marionette enabled
console.warn: SearchSettings: "get: No settings file exists, new profile?" (new NotFoundError("Could not open the file at /tmp/rust_mozprofileapKFxB/search.json.mozlz4", (void 0)))
1626899585546	Marionette	INFO	Listening on port 46737
1626899585653	Marionette	WARN	TLS certificate errors will be ignored for this session
1626899594841	Marionette	INFO	Stopped listening on port 46737
1626899599323	geckodriver	INFO	Listening on 127.0.0.1:51605
1626899599327	mozrunner::runner	INFO	Running command: "/usr/bin/firefox" "--marionette" "-headless" "-foreground" "-no-remote" "-profile" "/tmp/rust_mozprofileg7d7aK"
*** You are running in headless mode.
[GFX1-]: glxtest: Unable to open a connection to the X server
[GFX1-]: glxtest: libEGL missing
1626899599588	Marionette	INFO	Marionette enabled
console.warn: SearchSettings: "get: No settings file exists, new profile?" (new NotFoundError("Could not open the file at /tmp/rust_mozprofileg7d7aK/search.json.mozlz4", (void 0)))
1626899600713	Marionette	INFO	Listening on port 38327
1626899600759	Marionette	WARN	TLS certificate errors will be ignored for this session
1626899609877	Marionette	INFO	Stopped listening on port 38327
1626899614378	geckodriver	INFO	Listening on 127.0.0.1:44931
1626899615386	mozrunner::runner	INFO	Running command: "/usr/bin/firefox" "--marionette" "-headless" "-foreground" "-no-remote" "-profile" "/tmp/rust_mozprofilesc4Emy"
*** You are running in headless mode.
[GFX1-]: glxtest: Unable to open a connection to the X server
[GFX1-]: glxtest: libEGL missing
1626899615659	Marionette	INFO	Marionette enabled
console.warn: SearchSettings: "get: No settings file exists, new profile?" (new NotFoundError("Could not open the file at /tmp/rust_mozprofilesc4Emy/search.json.mozlz4", (void 0)))
1626899616787	Marionette	INFO	Listening on port 43191
1626899616811	Marionette	WARN	TLS certificate errors will be ignored for this session
1626899625853	Marionette	INFO	Stopped listening on port 43191

###!!! [Parent][RunMessage] Error: Channel closing: too late to send/recv, messages will be lost


###!!! [Parent][RunMessage] Error: Channel closing: too late to send/recv, messages will be lost

1626899630362	geckodriver	INFO	Listening on 127.0.0.1:34817
1626899630366	mozrunner::runner	INFO	Running command: "/usr/bin/firefox" "--marionette" "-headless" "-foreground" "-no-remote" "-profile" "/tmp/rust_mozprofilejQiG12"
*** You are running in headless mode.
[GFX1-]: glxtest: Unable to open a connection to the X server
[GFX1-]: glxtest: libEGL missing
1626899630640	Marionette	INFO	Marionette enabled
console.warn: SearchSettings: "get: No settings file exists, new profile?" (new NotFoundError("Could not open the file at /tmp/rust_mozprofilejQiG12/search.json.mozlz4", (void 0)))
1626899631759	Marionette	INFO	Listening on port 34549
1626899631787	Marionette	WARN	TLS certificate errors will be ignored for this session
1626899640792	Marionette	INFO	Stopped listening on port 34549
1626899645299	geckodriver	INFO	Listening on 127.0.0.1:55469
1626899645305	mozrunner::runner	INFO	Running command: "/usr/bin/firefox" "--marionette" "-headless" "-foreground" "-no-remote" "-profile" "/tmp/rust_mozprofileDTdnx3"
*** You are running in headless mode.
[GFX1-]: glxtest: Unable to open a connection to the X server
[GFX1-]: glxtest: libEGL missing
1626899645563	Marionette	INFO	Marionette enabled
console.warn: SearchSettings: "get: No settings file exists, new profile?" (new NotFoundError("Could not open the file at /tmp/rust_mozprofileDTdnx3/search.json.mozlz4", (void 0)))
1626899646688	Marionette	INFO	Listening on port 34071
1626899646724	Marionette	WARN	TLS certificate errors will be ignored for this session
1626899655660	Marionette	INFO	Stopped listening on port 34071
1626899660151	geckodriver	INFO	Listening on 127.0.0.1:34125
1626899660155	mozrunner::runner	INFO	Running command: "/usr/bin/firefox" "--marionette" "-headless" "-foreground" "-no-remote" "-profile" "/tmp/rust_mozprofileGbMbeG"
*** You are running in headless mode.
[GFX1-]: glxtest: Unable to open a connection to the X server
[GFX1-]: glxtest: libEGL missing
1626899660417	Marionette	INFO	Marionette enabled
console.warn: SearchSettings: "get: No settings file exists, new profile?" (new NotFoundError("Could not open the file at /tmp/rust_mozprofileGbMbeG/search.json.mozlz4", (void 0)))
1626899661626	Marionette	INFO	Listening on port 36509
1626899661688	Marionette	WARN	TLS certificate errors will be ignored for this session
1626899670661	Marionette	INFO	Stopped listening on port 36509
1626899675178	geckodriver	INFO	Listening on 127.0.0.1:49795
1626899675185	mozrunner::runner	INFO	Running command: "/usr/bin/firefox" "--marionette" "-headless" "-foreground" "-no-remote" "-profile" "/tmp/rust_mozprofileXWeFMl"
*** You are running in headless mode.
[GFX1-]: glxtest: Unable to open a connection to the X server
[GFX1-]: glxtest: libEGL missing
1626899675451	Marionette	INFO	Marionette enabled
console.warn: SearchSettings: "get: No settings file exists, new profile?" (new NotFoundError("Could not open the file at /tmp/rust_mozprofileXWeFMl/search.json.mozlz4", (void 0)))
1626899676573	Marionette	INFO	Listening on port 44363
1626899676606	Marionette	WARN	TLS certificate errors will be ignored for this session
1626899685582	Marionette	INFO	Stopped listening on port 44363

###!!! [Parent][MessageChannel] Error: (msgtype=0x390079,name=PContent::Msg_DestroyBrowsingContextGroup) Closed channel: cannot send/recv


###!!! [Child][RunMessage] Error: Channel closing: too late to send/recv, messages will be lost


###!!! [Child][RunMessage] Error: Channel closing: too late to send/recv, messages will be lost


###!!! [Parent][RunMessage] Error: Channel closing: too late to send/recv, messages will be lost


###!!! [Parent][RunMessage] Error: Channel closing: too late to send/recv, messages will be lost

1626899690110	geckodriver	INFO	Listening on 127.0.0.1:49141
1626899690116	mozrunner::runner	INFO	Running command: "/usr/bin/firefox" "--marionette" "-headless" "-foreground" "-no-remote" "-profile" "/tmp/rust_mozprofileswX3oo"
*** You are running in headless mode.
[GFX1-]: glxtest: Unable to open a connection to the X server
[GFX1-]: glxtest: libEGL missing
1626899690384	Marionette	INFO	Marionette enabled
console.warn: SearchSettings: "get: No settings file exists, new profile?" (new NotFoundError("Could not open the file at /tmp/rust_mozprofileswX3oo/search.json.mozlz4", (void 0)))
1626899691408	Marionette	INFO	Listening on port 39111
1626899691441	Marionette	WARN	TLS certificate errors will be ignored for this session
1626899700468	Marionette	INFO	Stopped listening on port 39111
1626899704995	geckodriver	INFO	Listening on 127.0.0.1:55179
1626899705000	mozrunner::runner	INFO	Running command: "/usr/bin/firefox" "--marionette" "-headless" "-foreground" "-no-remote" "-profile" "/tmp/rust_mozprofileUhj9TI"
*** You are running in headless mode.
[GFX1-]: glxtest: Unable to open a connection to the X server
[GFX1-]: glxtest: libEGL missing
1626899705260	Marionette	INFO	Marionette enabled
console.warn: SearchSettings: "get: No settings file exists, new profile?" (new NotFoundError("Could not open the file at /tmp/rust_mozprofileUhj9TI/search.json.mozlz4", (void 0)))
1626899706389	Marionette	INFO	Listening on port 39633
1626899706421	Marionette	WARN	TLS certificate errors will be ignored for this session
1626899715427	Marionette	INFO	Stopped listening on port 39633

###!!! [Parent][MessageChannel] Error: (msgtype=0x390079,name=PContent::Msg_DestroyBrowsingContextGroup) Closed channel: cannot send/recv


###!!! [Child][RunMessage] Error: Channel closing: too late to send/recv, messages will be lost


###!!! [Child][RunMessage] Error: Channel closing: too late to send/recv, messages will be lost


###!!! [Child][MessageChannel] Error: (msgtype=0x23002E,name=PBrowser::Msg___delete__) Channel closing: too late to send/recv, messages will be lost

1626899719952	geckodriver	INFO	Listening on 127.0.0.1:59039
1626899719958	mozrunner::runner	INFO	Running command: "/usr/bin/firefox" "--marionette" "-headless" "-foreground" "-no-remote" "-profile" "/tmp/rust_mozprofile1lO5yj"
*** You are running in headless mode.
[GFX1-]: glxtest: Unable to open a connection to the X server
[GFX1-]: glxtest: libEGL missing
1626899720225	Marionette	INFO	Marionette enabled
console.warn: SearchSettings: "get: No settings file exists, new profile?" (new NotFoundError("Could not open the file at /tmp/rust_mozprofile1lO5yj/search.json.mozlz4", (void 0)))
1626899721389	Marionette	INFO	Listening on port 41247
1626899721477	Marionette	WARN	TLS certificate errors will be ignored for this session
1626899730566	Marionette	INFO	Stopped listening on port 41247

###!!! [Parent][MessageChannel] Error: (msgtype=0x390079,name=PContent::Msg_DestroyBrowsingContextGroup) Closed channel: cannot send/recv


###!!! [Child][RunMessage] Error: Channel closing: too late to send/recv, messages will be lost


###!!! [Child][RunMessage] Error: Channel closing: too late to send/recv, messages will be lost

1626899735144	geckodriver	INFO	Listening on 127.0.0.1:44079
1626899735149	mozrunner::runner	INFO	Running command: "/usr/bin/firefox" "--marionette" "-headless" "-foreground" "-no-remote" "-profile" "/tmp/rust_mozprofilertRqAp"
*** You are running in headless mode.
[GFX1-]: glxtest: Unable to open a connection to the X server
[GFX1-]: glxtest: libEGL missing
1626899735418	Marionette	INFO	Marionette enabled
console.warn: SearchSettings: "get: No settings file exists, new profile?" (new NotFoundError("Could not open the file at /tmp/rust_mozprofilertRqAp/search.json.mozlz4", (void 0)))
1626899736556	Marionette	INFO	Listening on port 35137
1626899736673	Marionette	WARN	TLS certificate errors will be ignored for this session
1626899745569	Marionette	INFO	Stopped listening on port 35137

###!!! [Parent][MessageChannel] Error: (msgtype=0x390079,name=PContent::Msg_DestroyBrowsingContextGroup) Closed channel: cannot send/recv


###!!! [Child][MessageChannel] Error: (msgtype=0x390143,name=PContent::Msg_ScriptError) Channel closing: too late to send/recv, messages will be lost


###!!! [Child][RunMessage] Error: Channel closing: too late to send/recv, messages will be lost


###!!! [Child][RunMessage] Error: Channel closing: too late to send/recv, messages will be lost

1626899750093	geckodriver	INFO	Listening on 127.0.0.1:33277
1626899750098	mozrunner::runner	INFO	Running command: "/usr/bin/firefox" "--marionette" "-headless" "-foreground" "-no-remote" "-profile" "/tmp/rust_mozprofileEwkvSX"
*** You are running in headless mode.
[GFX1-]: glxtest: Unable to open a connection to the X server
[GFX1-]: glxtest: libEGL missing
1626899750368	Marionette	INFO	Marionette enabled
console.warn: SearchSettings: "get: No settings file exists, new profile?" (new NotFoundError("Could not open the file at /tmp/rust_mozprofileEwkvSX/search.json.mozlz4", (void 0)))
1626899751754	Marionette	INFO	Listening on port 40389
1626899751824	Marionette	WARN	TLS certificate errors will be ignored for this session
1626899760621	Marionette	INFO	Stopped listening on port 40389

###!!! [Parent][MessageChannel] Error: (msgtype=0x390079,name=PContent::Msg_DestroyBrowsingContextGroup) Closed channel: cannot send/recv


###!!! [Child][RunMessage] Error: Channel closing: too late to send/recv, messages will be lost


###!!! [Child][RunMessage] Error: Channel closing: too late to send/recv, messages will be lost

1626900960724	geckodriver	INFO	Listening on 127.0.0.1:40557
1626900961512	mozrunner::runner	INFO	Running command: "/usr/bin/firefox" "--marionette" "-headless" "-foreground" "-no-remote" "-profile" "/tmp/rust_mozprofile9N9vz2"
*** You are running in headless mode.
[GFX1-]: glxtest: Unable to open a connection to the X server
[GFX1-]: glxtest: libEGL missing
1626900966006	Marionette	INFO	Marionette enabled
console.warn: SearchSettings: "get: No settings file exists, new profile?" (new NotFoundError("Could not open the file at /tmp/rust_mozprofile9N9vz2/search.json.mozlz4", (void 0)))
1626900969993	Marionette	INFO	Listening on port 41709
1626900970077	Marionette	WARN	TLS certificate errors will be ignored for this session
1626900980822	Marionette	INFO	Stopped listening on port 41709
1626900985328	geckodriver	INFO	Listening on 127.0.0.1:52715
1626900985332	mozrunner::runner	INFO	Running command: "/usr/bin/firefox" "--marionette" "-headless" "-foreground" "-no-remote" "-profile" "/tmp/rust_mozprofileHolJRJ"
*** You are running in headless mode.
[GFX1-]: glxtest: Unable to open a connection to the X server
[GFX1-]: glxtest: libEGL missing
1626900985594	Marionette	INFO	Marionette enabled
console.warn: SearchSettings: "get: No settings file exists, new profile?" (new NotFoundError("Could not open the file at /tmp/rust_mozprofileHolJRJ/search.json.mozlz4", (void 0)))
1626900986882	Marionette	INFO	Listening on port 39535
1626900986958	Marionette	WARN	TLS certificate errors will be ignored for this session
1626900995892	Marionette	INFO	Stopped listening on port 39535

###!!! [Parent][MessageChannel] Error: (msgtype=0x390079,name=PContent::Msg_DestroyBrowsingContextGroup) Closed channel: cannot send/recv


###!!! [Child][RunMessage] Error: Channel closing: too late to send/recv, messages will be lost


###!!! [Child][RunMessage] Error: Channel closing: too late to send/recv, messages will be lost


###!!! [Child][MessageChannel] Error: (msgtype=0x23002E,name=PBrowser::Msg___delete__) Channel closing: too late to send/recv, messages will be lost

1626901000371	geckodriver	INFO	Listening on 127.0.0.1:40305
1626901000375	mozrunner::runner	INFO	Running command: "/usr/bin/firefox" "--marionette" "-headless" "-foreground" "-no-remote" "-profile" "/tmp/rust_mozprofilefzlno1"
*** You are running in headless mode.
[GFX1-]: glxtest: Unable to open a connection to the X server
[GFX1-]: glxtest: libEGL missing
1626901000638	Marionette	INFO	Marionette enabled
console.warn: SearchSettings: "get: No settings file exists, new profile?" (new NotFoundError("Could not open the file at /tmp/rust_mozprofilefzlno1/search.json.mozlz4", (void 0)))
1626901001769	Marionette	INFO	Listening on port 41595
1626901001795	Marionette	WARN	TLS certificate errors will be ignored for this session
1626901010637	Marionette	INFO	Stopped listening on port 41595

###!!! [Parent][MessageChannel] Error: (msgtype=0x390079,name=PContent::Msg_DestroyBrowsingContextGroup) Closed channel: cannot send/recv


###!!! [Child][RunMessage] Error: Channel closing: too late to send/recv, messages will be lost


###!!! [Child][RunMessage] Error: Channel closing: too late to send/recv, messages will be lost


###!!! [Parent][RunMessage] Error: Channel closing: too late to send/recv, messages will be lost

1626901015107	geckodriver	INFO	Listening on 127.0.0.1:51141
1626901015111	mozrunner::runner	INFO	Running command: "/usr/bin/firefox" "--marionette" "-headless" "-foreground" "-no-remote" "-profile" "/tmp/rust_mozprofileoJ23Y8"
*** You are running in headless mode.
[GFX1-]: glxtest: Unable to open a connection to the X server
[GFX1-]: glxtest: libEGL missing
1626901015373	Marionette	INFO	Marionette enabled
console.warn: SearchSettings: "get: No settings file exists, new profile?" (new NotFoundError("Could not open the file at /tmp/rust_mozprofileoJ23Y8/search.json.mozlz4", (void 0)))
1626901016494	Marionette	INFO	Listening on port 41805
1626901016528	Marionette	WARN	TLS certificate errors will be ignored for this session
1626901025402	Marionette	INFO	Stopped listening on port 41805

###!!! [Parent][MessageChannel] Error: (msgtype=0x390079,name=PContent::Msg_DestroyBrowsingContextGroup) Closed channel: cannot send/recv


###!!! [Child][RunMessage] Error: Channel closing: too late to send/recv, messages will be lost


###!!! [Child][RunMessage] Error: Channel closing: too late to send/recv, messages will be lost


###!!! [Parent][RunMessage] Error: Channel closing: too late to send/recv, messages will be lost

1626901029872	geckodriver	INFO	Listening on 127.0.0.1:41539
1626901029876	mozrunner::runner	INFO	Running command: "/usr/bin/firefox" "--marionette" "-headless" "-foreground" "-no-remote" "-profile" "/tmp/rust_mozprofileZcO4k4"
*** You are running in headless mode.
[GFX1-]: glxtest: Unable to open a connection to the X server
[GFX1-]: glxtest: libEGL missing
1626901030136	Marionette	INFO	Marionette enabled
console.warn: SearchSettings: "get: No settings file exists, new profile?" (new NotFoundError("Could not open the file at /tmp/rust_mozprofileZcO4k4/search.json.mozlz4", (void 0)))
1626901031280	Marionette	INFO	Listening on port 42065
1626901031301	Marionette	WARN	TLS certificate errors will be ignored for this session
1626901040250	Marionette	INFO	Stopped listening on port 42065

###!!! [Child][RunMessage] Error: Channel closing: too late to send/recv, messages will be lost


###!!! [Child][RunMessage] Error: Channel closing: too late to send/recv, messages will be lost


###!!! [Parent][MessageChannel] Error: (msgtype=0x390079,name=PContent::Msg_DestroyBrowsingContextGroup) Closed channel: cannot send/recv

1626901044750	geckodriver	INFO	Listening on 127.0.0.1:37209
1626901044754	mozrunner::runner	INFO	Running command: "/usr/bin/firefox" "--marionette" "-headless" "-foreground" "-no-remote" "-profile" "/tmp/rust_mozprofileJV1CdH"
*** You are running in headless mode.
[GFX1-]: glxtest: Unable to open a connection to the X server
[GFX1-]: glxtest: libEGL missing
1626901045017	Marionette	INFO	Marionette enabled
console.warn: SearchSettings: "get: No settings file exists, new profile?" (new NotFoundError("Could not open the file at /tmp/rust_mozprofileJV1CdH/search.json.mozlz4", (void 0)))
1626901046142	Marionette	INFO	Listening on port 44751
1626901046179	Marionette	WARN	TLS certificate errors will be ignored for this session
1626901055162	Marionette	INFO	Stopped listening on port 44751

###!!! [Parent][MessageChannel] Error: (msgtype=0x390079,name=PContent::Msg_DestroyBrowsingContextGroup) Closed channel: cannot send/recv


###!!! [Child][RunMessage] Error: Channel closing: too late to send/recv, messages will be lost


###!!! [Child][RunMessage] Error: Channel closing: too late to send/recv, messages will be lost

1626901059662	geckodriver	INFO	Listening on 127.0.0.1:43585
1626901059666	mozrunner::runner	INFO	Running command: "/usr/bin/firefox" "--marionette" "-headless" "-foreground" "-no-remote" "-profile" "/tmp/rust_mozprofileDAWSTa"
*** You are running in headless mode.
[GFX1-]: glxtest: Unable to open a connection to the X server
[GFX1-]: glxtest: libEGL missing
1626901059933	Marionette	INFO	Marionette enabled
console.warn: SearchSettings: "get: No settings file exists, new profile?" (new NotFoundError("Could not open the file at /tmp/rust_mozprofileDAWSTa/search.json.mozlz4", (void 0)))
1626901061074	Marionette	INFO	Listening on port 36443
1626901061185	Marionette	WARN	TLS certificate errors will be ignored for this session
1626901070112	Marionette	INFO	Stopped listening on port 36443
1626901074616	geckodriver	INFO	Listening on 127.0.0.1:35303
1626901074619	mozrunner::runner	INFO	Running command: "/usr/bin/firefox" "--marionette" "-headless" "-foreground" "-no-remote" "-profile" "/tmp/rust_mozprofileS6mDr3"
*** You are running in headless mode.
[GFX1-]: glxtest: Unable to open a connection to the X server
[GFX1-]: glxtest: libEGL missing
1626901074895	Marionette	INFO	Marionette enabled
console.warn: SearchSettings: "get: No settings file exists, new profile?" (new NotFoundError("Could not open the file at /tmp/rust_mozprofileS6mDr3/search.json.mozlz4", (void 0)))
1626901076052	Marionette	INFO	Listening on port 38621
1626901076139	Marionette	WARN	TLS certificate errors will be ignored for this session
1626901085087	Marionette	INFO	Stopped listening on port 38621
1626901089594	geckodriver	INFO	Listening on 127.0.0.1:51045
1626901089598	mozrunner::runner	INFO	Running command: "/usr/bin/firefox" "--marionette" "-headless" "-foreground" "-no-remote" "-profile" "/tmp/rust_mozprofilexJp6Wp"
*** You are running in headless mode.
[GFX1-]: glxtest: Unable to open a connection to the X server
[GFX1-]: glxtest: libEGL missing
1626901089863	Marionette	INFO	Marionette enabled
console.warn: SearchSettings: "get: No settings file exists, new profile?" (new NotFoundError("Could not open the file at /tmp/rust_mozprofilexJp6Wp/search.json.mozlz4", (void 0)))
1626901090949	Marionette	INFO	Listening on port 34181
1626901091018	Marionette	WARN	TLS certificate errors will be ignored for this session
1626901100072	Marionette	INFO	Stopped listening on port 34181
1626901104555	geckodriver	INFO	Listening on 127.0.0.1:37055
1626901104559	mozrunner::runner	INFO	Running command: "/usr/bin/firefox" "--marionette" "-headless" "-foreground" "-no-remote" "-profile" "/tmp/rust_mozprofileCKUXye"
*** You are running in headless mode.
[GFX1-]: glxtest: Unable to open a connection to the X server
[GFX1-]: glxtest: libEGL missing
1626901104821	Marionette	INFO	Marionette enabled
console.warn: SearchSettings: "get: No settings file exists, new profile?" (new NotFoundError("Could not open the file at /tmp/rust_mozprofileCKUXye/search.json.mozlz4", (void 0)))
1626901105944	Marionette	INFO	Listening on port 44393
1626901105980	Marionette	WARN	TLS certificate errors will be ignored for this session
1626901114980	Marionette	INFO	Stopped listening on port 44393
1626901119494	geckodriver	INFO	Listening on 127.0.0.1:43379
1626901119498	mozrunner::runner	INFO	Running command: "/usr/bin/firefox" "--marionette" "-headless" "-foreground" "-no-remote" "-profile" "/tmp/rust_mozprofileszwhrL"
*** You are running in headless mode.
[GFX1-]: glxtest: Unable to open a connection to the X server
[GFX1-]: glxtest: libEGL missing
1626901119760	Marionette	INFO	Marionette enabled
console.warn: SearchSettings: "get: No settings file exists, new profile?" (new NotFoundError("Could not open the file at /tmp/rust_mozprofileszwhrL/search.json.mozlz4", (void 0)))
1626901120836	Marionette	INFO	Listening on port 39831
1626901120916	Marionette	WARN	TLS certificate errors will be ignored for this session
1626901129777	Marionette	INFO	Stopped listening on port 39831

###!!! [Parent][MessageChannel] Error: (msgtype=0x390079,name=PContent::Msg_DestroyBrowsingContextGroup) Closed channel: cannot send/recv


###!!! [Child][RunMessage] Error: Channel closing: too late to send/recv, messages will be lost


###!!! [Child][RunMessage] Error: Channel closing: too late to send/recv, messages will be lost

1626901134261	geckodriver	INFO	Listening on 127.0.0.1:57927
1626901134265	mozrunner::runner	INFO	Running command: "/usr/bin/firefox" "--marionette" "-headless" "-foreground" "-no-remote" "-profile" "/tmp/rust_mozprofileW3swI2"
*** You are running in headless mode.
[GFX1-]: glxtest: Unable to open a connection to the X server
[GFX1-]: glxtest: libEGL missing
1626901134528	Marionette	INFO	Marionette enabled
console.warn: SearchSettings: "get: No settings file exists, new profile?" (new NotFoundError("Could not open the file at /tmp/rust_mozprofileW3swI2/search.json.mozlz4", (void 0)))
1626901135631	Marionette	INFO	Listening on port 37337
1626901135685	Marionette	WARN	TLS certificate errors will be ignored for this session
1626901144675	Marionette	INFO	Stopped listening on port 37337
1626901149175	geckodriver	INFO	Listening on 127.0.0.1:50707
1626901149179	mozrunner::runner	INFO	Running command: "/usr/bin/firefox" "--marionette" "-headless" "-foreground" "-no-remote" "-profile" "/tmp/rust_mozprofileUlMgN5"
*** You are running in headless mode.
[GFX1-]: glxtest: Unable to open a connection to the X server
[GFX1-]: glxtest: libEGL missing
1626901149438	Marionette	INFO	Marionette enabled
console.warn: SearchSettings: "get: No settings file exists, new profile?" (new NotFoundError("Could not open the file at /tmp/rust_mozprofileUlMgN5/search.json.mozlz4", (void 0)))
1626901150560	Marionette	INFO	Listening on port 39173
1626901150600	Marionette	WARN	TLS certificate errors will be ignored for this session
1626901159578	Marionette	INFO	Stopped listening on port 39173
1626901164073	geckodriver	INFO	Listening on 127.0.0.1:40837
1626901164077	mozrunner::runner	INFO	Running command: "/usr/bin/firefox" "--marionette" "-headless" "-foreground" "-no-remote" "-profile" "/tmp/rust_mozprofileovvNBb"
*** You are running in headless mode.
[GFX1-]: glxtest: Unable to open a connection to the X server
[GFX1-]: glxtest: libEGL missing
1626901164336	Marionette	INFO	Marionette enabled
console.warn: SearchSettings: "get: No settings file exists, new profile?" (new NotFoundError("Could not open the file at /tmp/rust_mozprofileovvNBb/search.json.mozlz4", (void 0)))
1626901165672	Marionette	INFO	Listening on port 35143
1626901165710	Marionette	WARN	TLS certificate errors will be ignored for this session
1626901174665	Marionette	INFO	Stopped listening on port 35143

###!!! [Parent][MessageChannel] Error: (msgtype=0x390079,name=PContent::Msg_DestroyBrowsingContextGroup) Closed channel: cannot send/recv


###!!! [Child][RunMessage] Error: Channel closing: too late to send/recv, messages will be lost


###!!! [Child][RunMessage] Error: Channel closing: too late to send/recv, messages will be lost

1626901179144	geckodriver	INFO	Listening on 127.0.0.1:48481
1626901179148	mozrunner::runner	INFO	Running command: "/usr/bin/firefox" "--marionette" "-headless" "-foreground" "-no-remote" "-profile" "/tmp/rust_mozprofilepATsXT"
*** You are running in headless mode.
[GFX1-]: glxtest: Unable to open a connection to the X server
[GFX1-]: glxtest: libEGL missing
1626901179409	Marionette	INFO	Marionette enabled
console.warn: SearchSettings: "get: No settings file exists, new profile?" (new NotFoundError("Could not open the file at /tmp/rust_mozprofilepATsXT/search.json.mozlz4", (void 0)))
1626901180501	Marionette	INFO	Listening on port 33049
1626901180569	Marionette	WARN	TLS certificate errors will be ignored for this session
1626901189555	Marionette	INFO	Stopped listening on port 33049

###!!! [Parent][MessageChannel] Error: (msgtype=0x390079,name=PContent::Msg_DestroyBrowsingContextGroup) Closed channel: cannot send/recv

1626901194057	geckodriver	INFO	Listening on 127.0.0.1:58761
1626901194061	mozrunner::runner	INFO	Running command: "/usr/bin/firefox" "--marionette" "-headless" "-foreground" "-no-remote" "-profile" "/tmp/rust_mozprofile4zE26y"
*** You are running in headless mode.
[GFX1-]: glxtest: Unable to open a connection to the X server
[GFX1-]: glxtest: libEGL missing
1626901194327	Marionette	INFO	Marionette enabled
console.warn: SearchSettings: "get: No settings file exists, new profile?" (new NotFoundError("Could not open the file at /tmp/rust_mozprofile4zE26y/search.json.mozlz4", (void 0)))
1626901195458	Marionette	INFO	Listening on port 42637
1626901195481	Marionette	WARN	TLS certificate errors will be ignored for this session
1626901204393	Marionette	INFO	Stopped listening on port 42637
1626901208907	geckodriver	INFO	Listening on 127.0.0.1:34249
1626901208911	mozrunner::runner	INFO	Running command: "/usr/bin/firefox" "--marionette" "-headless" "-foreground" "-no-remote" "-profile" "/tmp/rust_mozprofiletontR1"
*** You are running in headless mode.
[GFX1-]: glxtest: Unable to open a connection to the X server
[GFX1-]: glxtest: libEGL missing
1626901209175	Marionette	INFO	Marionette enabled
console.warn: SearchSettings: "get: No settings file exists, new profile?" (new NotFoundError("Could not open the file at /tmp/rust_mozprofiletontR1/search.json.mozlz4", (void 0)))
1626901210280	Marionette	INFO	Listening on port 37503
1626901210339	Marionette	WARN	TLS certificate errors will be ignored for this session
1626901219337	Marionette	INFO	Stopped listening on port 37503

###!!! [Parent][MessageChannel] Error: (msgtype=0x390079,name=PContent::Msg_DestroyBrowsingContextGroup) Closed channel: cannot send/recv


###!!! [Child][RunMessage] Error: Channel closing: too late to send/recv, messages will be lost


###!!! [Child][RunMessage] Error: Channel closing: too late to send/recv, messages will be lost


###!!! [Child][MessageChannel] Error: (msgtype=0x23002E,name=PBrowser::Msg___delete__) Channel closing: too late to send/recv, messages will be lost

1626901223820	geckodriver	INFO	Listening on 127.0.0.1:58927
1626901223824	mozrunner::runner	INFO	Running command: "/usr/bin/firefox" "--marionette" "-headless" "-foreground" "-no-remote" "-profile" "/tmp/rust_mozprofileIZNrpZ"
*** You are running in headless mode.
[GFX1-]: glxtest: Unable to open a connection to the X server
[GFX1-]: glxtest: libEGL missing
1626901224087	Marionette	INFO	Marionette enabled
console.warn: SearchSettings: "get: No settings file exists, new profile?" (new NotFoundError("Could not open the file at /tmp/rust_mozprofileIZNrpZ/search.json.mozlz4", (void 0)))
1626901225202	Marionette	INFO	Listening on port 33941
1626901225245	Marionette	WARN	TLS certificate errors will be ignored for this session
1626901234150	Marionette	INFO	Stopped listening on port 33941
1626901238646	geckodriver	INFO	Listening on 127.0.0.1:55725
1626901238650	mozrunner::runner	INFO	Running command: "/usr/bin/firefox" "--marionette" "-headless" "-foreground" "-no-remote" "-profile" "/tmp/rust_mozprofileNCmcLx"
*** You are running in headless mode.
[GFX1-]: glxtest: Unable to open a connection to the X server
[GFX1-]: glxtest: libEGL missing
1626901238912	Marionette	INFO	Marionette enabled
console.warn: SearchSettings: "get: No settings file exists, new profile?" (new NotFoundError("Could not open the file at /tmp/rust_mozprofileNCmcLx/search.json.mozlz4", (void 0)))
1626901239983	Marionette	INFO	Listening on port 45883
1626901240070	Marionette	WARN	TLS certificate errors will be ignored for this session
1626901249123	Marionette	INFO	Stopped listening on port 45883

###!!! [Parent][MessageChannel] Error: (msgtype=0x390079,name=PContent::Msg_DestroyBrowsingContextGroup) Closed channel: cannot send/recv


###!!! [Child][RunMessage] Error: Channel closing: too late to send/recv, messages will be lost


###!!! [Child][RunMessage] Error: Channel closing: too late to send/recv, messages will be lost

1626901253618	geckodriver	INFO	Listening on 127.0.0.1:35051
1626901253622	mozrunner::runner	INFO	Running command: "/usr/bin/firefox" "--marionette" "-headless" "-foreground" "-no-remote" "-profile" "/tmp/rust_mozprofile7JR2hX"
*** You are running in headless mode.
[GFX1-]: glxtest: Unable to open a connection to the X server
[GFX1-]: glxtest: libEGL missing
1626901253885	Marionette	INFO	Marionette enabled
console.warn: SearchSettings: "get: No settings file exists, new profile?" (new NotFoundError("Could not open the file at /tmp/rust_mozprofile7JR2hX/search.json.mozlz4", (void 0)))
1626901255034	Marionette	INFO	Listening on port 44251
1626901255143	Marionette	WARN	TLS certificate errors will be ignored for this session
1626901264108	Marionette	INFO	Stopped listening on port 44251

###!!! [Parent][MessageChannel] Error: (msgtype=0x390079,name=PContent::Msg_DestroyBrowsingContextGroup) Closed channel: cannot send/recv


###!!! [Child][RunMessage] Error: Channel closing: too late to send/recv, messages will be lost


###!!! [Child][MessageChannel] Error: (msgtype=0x23002E,name=PBrowser::Msg___delete__) Channel closing: too late to send/recv, messages will be lost

1626901268597	geckodriver	INFO	Listening on 127.0.0.1:34881
1626901268601	mozrunner::runner	INFO	Running command: "/usr/bin/firefox" "--marionette" "-headless" "-foreground" "-no-remote" "-profile" "/tmp/rust_mozprofileqB1Dxm"
*** You are running in headless mode.
[GFX1-]: glxtest: Unable to open a connection to the X server
[GFX1-]: glxtest: libEGL missing
1626901268864	Marionette	INFO	Marionette enabled
console.warn: SearchSettings: "get: No settings file exists, new profile?" (new NotFoundError("Could not open the file at /tmp/rust_mozprofileqB1Dxm/search.json.mozlz4", (void 0)))
1626901269949	Marionette	INFO	Listening on port 35943
1626901270021	Marionette	WARN	TLS certificate errors will be ignored for this session
1626901278985	Marionette	INFO	Stopped listening on port 35943

###!!! [Parent][MessageChannel] Error: (msgtype=0x390079,name=PContent::Msg_DestroyBrowsingContextGroup) Closed channel: cannot send/recv

1626901283481	geckodriver	INFO	Listening on 127.0.0.1:55201
1626901283485	mozrunner::runner	INFO	Running command: "/usr/bin/firefox" "--marionette" "-headless" "-foreground" "-no-remote" "-profile" "/tmp/rust_mozprofile8tixqN"
*** You are running in headless mode.
[GFX1-]: glxtest: Unable to open a connection to the X server
[GFX1-]: glxtest: libEGL missing
1626901283744	Marionette	INFO	Marionette enabled
console.warn: SearchSettings: "get: No settings file exists, new profile?" (new NotFoundError("Could not open the file at /tmp/rust_mozprofile8tixqN/search.json.mozlz4", (void 0)))
1626901284910	Marionette	INFO	Listening on port 37737
1626901285004	Marionette	WARN	TLS certificate errors will be ignored for this session
1626901293922	Marionette	INFO	Stopped listening on port 37737

###!!! [Parent][MessageChannel] Error: (msgtype=0x390079,name=PContent::Msg_DestroyBrowsingContextGroup) Closed channel: cannot send/recv


###!!! [Child][RunMessage] Error: Channel closing: too late to send/recv, messages will be lost


###!!! [Child][RunMessage] Error: Channel closing: too late to send/recv, messages will be lost


###!!! [Parent][RunMessage] Error: Channel closing: too late to send/recv, messages will be lost


###!!! [Parent][RunMessage] Error: Channel closing: too late to send/recv, messages will be lost

1626901298446	geckodriver	INFO	Listening on 127.0.0.1:57045
1626901298449	mozrunner::runner	INFO	Running command: "/usr/bin/firefox" "--marionette" "-headless" "-foreground" "-no-remote" "-profile" "/tmp/rust_mozprofileSU1IRr"
*** You are running in headless mode.
[GFX1-]: glxtest: Unable to open a connection to the X server
[GFX1-]: glxtest: libEGL missing
1626901298711	Marionette	INFO	Marionette enabled
console.warn: SearchSettings: "get: No settings file exists, new profile?" (new NotFoundError("Could not open the file at /tmp/rust_mozprofileSU1IRr/search.json.mozlz4", (void 0)))
1626901299827	Marionette	INFO	Listening on port 36703
1626901299868	Marionette	WARN	TLS certificate errors will be ignored for this session
1626901308835	Marionette	INFO	Stopped listening on port 36703

###!!! [Parent][MessageChannel] Error: (msgtype=0x390079,name=PContent::Msg_DestroyBrowsingContextGroup) Closed channel: cannot send/recv


###!!! [Child][MessageChannel] Error: (msgtype=0x390143,name=PContent::Msg_ScriptError) Channel closing: too late to send/recv, messages will be lost


###!!! [Child][RunMessage] Error: Channel closing: too late to send/recv, messages will be lost


###!!! [Child][RunMessage] Error: Channel closing: too late to send/recv, messages will be lost


###!!! [Parent][RunMessage] Error: Channel closing: too late to send/recv, messages will be lost


###!!! [Parent][RunMessage] Error: Channel closing: too late to send/recv, messages will be lost

1626901313336	geckodriver	INFO	Listening on 127.0.0.1:59985
1626901313340	mozrunner::runner	INFO	Running command: "/usr/bin/firefox" "--marionette" "-headless" "-foreground" "-no-remote" "-profile" "/tmp/rust_mozprofilej04QeG"
*** You are running in headless mode.
[GFX1-]: glxtest: Unable to open a connection to the X server
[GFX1-]: glxtest: libEGL missing
1626901313600	Marionette	INFO	Marionette enabled
console.warn: SearchSettings: "get: No settings file exists, new profile?" (new NotFoundError("Could not open the file at /tmp/rust_mozprofilej04QeG/search.json.mozlz4", (void 0)))
1626901314717	Marionette	INFO	Listening on port 40181
1626901314760	Marionette	WARN	TLS certificate errors will be ignored for this session
1626901323774	Marionette	INFO	Stopped listening on port 40181

###!!! [Parent][MessageChannel] Error: (msgtype=0x390079,name=PContent::Msg_DestroyBrowsingContextGroup) Closed channel: cannot send/recv


###!!! [Child][RunMessage] Error: Channel closing: too late to send/recv, messages will be lost


###!!! [Child][RunMessage] Error: Channel closing: too late to send/recv, messages will be lost

